[debug] [2020-12-18T16:37:32.098Z] ----------------------------------------------------------------------
[debug] [2020-12-18T16:37:32.101Z] Command:       C:\Program Files\nodejs\node.exe C:\Users\carya\AppData\Roaming\npm\node_modules\firebase-tools\lib\bin\firebase.js emulators:start
[debug] [2020-12-18T16:37:32.102Z] CLI Version:   9.0.1
[debug] [2020-12-18T16:37:32.102Z] Platform:      win32
[debug] [2020-12-18T16:37:32.102Z] Node Version:  v14.15.1
[debug] [2020-12-18T16:37:32.104Z] Time:          Fri Dec 18 2020 22:07:32 GMT+0530 (India Standard Time)
[debug] [2020-12-18T16:37:32.105Z] ----------------------------------------------------------------------
[debug] [2020-12-18T16:37:32.105Z] 
[debug] [2020-12-18T16:37:32.117Z] > command requires scopes: ["email","openid","https://www.googleapis.com/auth/cloudplatformprojects.readonly","https://www.googleapis.com/auth/firebase","https://www.googleapis.com/auth/cloud-platform"]
[debug] [2020-12-18T16:37:32.118Z] > authorizing via signed-in user
[info] i  emulators: Starting emulators: hosting {"metadata":{"emulator":{"name":"hub"},"message":"Starting emulators: hosting"}}
[debug] [2020-12-18T16:37:32.180Z] [hub] writing locator at C:\Users\carya\AppData\Local\Temp\hub-newagent-icjbhr.json
[debug] [2020-12-18T16:37:32.219Z] >>> HTTP REQUEST GET https://firebase.googleapis.com/v1beta1/projects/newagent-icjbhr/webApps/-/config  
 
[debug] [2020-12-18T16:37:33.409Z] <<< HTTP RESPONSE 200 {"content-type":"application/json; charset=UTF-8","vary":"X-Origin, Referer, Origin,Accept-Encoding","date":"Fri, 18 Dec 2020 16:37:34 GMT","server":"ESF","cache-control":"private","x-xss-protection":"0","x-frame-options":"SAMEORIGIN","x-content-type-options":"nosniff","alt-svc":"h3-29=\":443\"; ma=2592000,h3-T051=\":443\"; ma=2592000,h3-Q050=\":443\"; ma=2592000,h3-Q046=\":443\"; ma=2592000,h3-Q043=\":443\"; ma=2592000,quic=\":443\"; ma=2592000; v=\"46,43\"","accept-ranges":"none","transfer-encoding":"chunked"}
[info] i  hosting: Serving hosting files from: public {"metadata":{"emulator":{"name":"hosting"},"message":"Serving hosting files from: \u001b[1mpublic\u001b[22m"}}
[info] +  hosting: Local server: http://localhost:5000 {"metadata":{"emulator":{"name":"hosting"},"message":"Local server: \u001b[4m\u001b[1mhttp://localhost:5000\u001b[22m\u001b[24m"}}
[info] 
┌─────────────────────────────────────────────────────────────┐
│ ✔  All emulators ready! It is now safe to connect your app. │
└─────────────────────────────────────────────────────────────┘

┌──────────┬────────────────┐
│ Emulator │ Host:Port      │
├──────────┼────────────────┤
│ Hosting  │ localhost:5000 │
└──────────┴────────────────┘
  Emulator Hub running at localhost:4400
  Other reserved ports: 

Issues? Report them at https://github.com/firebase/firebase-tools/issues and attach the *-debug.log files.
 
